********************************************************************************
product = Open Liberty 19.0.0.10 (wlp-1.0.33.cl191020191002-0300)
wlp.install.dir = /home/andy/openLiberty/SurveyApp/Survey-app/WebappService/build/wlp/
java.home = /usr/lib/jvm/java-11-openjdk-amd64
java.version = 11.0.4
java.runtime = OpenJDK Runtime Environment (11.0.4+11-post-Ubuntu-1ubuntu218.04.3)
os = Linux (4.15.0-70-generic; amd64) (en_US)
process = 7447@andy-G5-5587
********************************************************************************
[11/21/19, 17:02:14:052 EST] 00000001 com.ibm.ws.kernel.launch.internal.FrameworkManager           A CWWKE0001I: The server SurveyMeWebAppServer has been launched.
[11/21/19, 17:02:14:832 EST] 00000001 com.ibm.ws.kernel.launch.internal.FrameworkManager           I CWWKE0002I: The kernel started after 0.917 seconds
[11/21/19, 17:02:14:876 EST] 00000021 com.ibm.ws.kernel.feature.internal.FeatureManager            I CWWKF0007I: Feature update started.
[11/21/19, 17:02:15:281 EST] 00000019 com.ibm.ws.app.manager.internal.monitor.DropinMonitor        A CWWKZ0058I: Monitoring dropins for applications.
[11/21/19, 17:02:15:414 EST] 00000025 com.ibm.ws.tcpchannel.internal.TCPChannel                    I CWWKO0219I: TCP Channel defaultHttpEndpoint has been started and is now listening for requests on host *  (IPv6) port 8080.
[11/21/19, 17:02:15:419 EST] 00000026 com.ibm.ws.app.manager.AppMessageHelper                      I CWWKZ0018I: Starting application SurveyMeWebApp.
[11/21/19, 17:02:15:420 EST] 00000026 bm.ws.app.manager.war.internal.WARDeployedAppInfoFactoryImpl I CWWKZ0134I: The SurveyMeWebApp application is using the loose application definition at the /home/andy/openLiberty/SurveyApp/Survey-app/WebappService/build/wlp/usr/servers/SurveyMeWebAppServer/apps/SurveyMeWebApp.war.xml location.
[11/21/19, 17:02:15:534 EST] 00000026 com.ibm.ws.session.WASSessionCore                            I SESN8501I: The session manager did not find a persistent storage location; HttpSession objects will be stored in the local application server's memory.
[11/21/19, 17:02:15:542 EST] 00000026 com.ibm.ws.webcontainer.osgi.webapp.WebGroup                 I SRVE0169I: Loading Web Module: SurveyMeWebApp.
[11/21/19, 17:02:15:544 EST] 00000026 com.ibm.ws.webcontainer                                      I SRVE0250I: Web Module SurveyMeWebApp has been bound to default_host.
[11/21/19, 17:02:15:544 EST] 00000026 com.ibm.ws.http.internal.VirtualHostImpl                     A CWWKT0016I: Web application available (default_host): http://129.3.120.177:8080/
[11/21/19, 17:02:15:547 EST] 00000026 com.ibm.ws.app.manager.AppMessageHelper                      A CWWKZ0001I: Application SurveyMeWebApp started in 0.128 seconds.
[11/21/19, 17:02:15:580 EST] 0000002b com.ibm.ws.session.WASSessionCore                            I SESN0176I: A new session context will be created for application key default_host/
[11/21/19, 17:02:15:604 EST] 00000021 com.ibm.ws.kernel.feature.internal.FeatureManager            A CWWKF0012I: The server installed the following features: [servlet-4.0].
[11/21/19, 17:02:15:604 EST] 00000021 com.ibm.ws.kernel.feature.internal.FeatureManager            I CWWKF0008I: Feature update completed in 0.774 seconds.
[11/21/19, 17:02:15:604 EST] 00000021 com.ibm.ws.kernel.feature.internal.FeatureManager            A CWWKF0011I: The SurveyMeWebAppServer server is ready to run a smarter planet. The SurveyMeWebAppServer server started in 1.691 seconds.
[11/21/19, 17:02:15:605 EST] 0000002b com.ibm.ws.util                                              I SESN0172I: The session manager is using the Java default SecureRandom implementation for session ID generation.
[11/21/19, 17:02:15:857 EST] 0000002c com.ibm.ws.webcontainer.osgi.mbeans.PluginGenerator          I SRVE9103I: A configuration file for a web server plugin was automatically generated for this server at /home/andy/openLiberty/SurveyApp/Survey-app/WebappService/build/wlp/usr/servers/SurveyMeWebAppServer/logs/state/plugin-cfg.xml.
[11/21/19, 17:05:35:397 EST] 00000013 com.ibm.ws.kernel.launch.internal.ServerCommandListener      A CWWKE0055I: Server shutdown requested on Thursday, November 21, 2019 at 5:05 PM. The server SurveyMeWebAppServer is shutting down.
[11/21/19, 17:05:35:400 EST] 00000037 com.ibm.ws.runtime.update.internal.RuntimeUpdateManagerImpl  A CWWKE1100I: Waiting for up to 30 seconds for the server to quiesce.
[11/21/19, 17:05:35:403 EST] 0000002f com.ibm.ws.tcpchannel.internal.TCPChannel                    I CWWKO0220I: TCP Channel defaultHttpEndpoint has stopped listening for requests on host *  (IPv6) port 8080.
[11/21/19, 17:05:35:404 EST] 0000002f com.ibm.ws.http.internal.VirtualHostImpl                     A CWWKT0017I: Web application removed (default_host): http://129.3.120.177:8080/
[11/21/19, 17:05:36:405 EST] 00000037 com.ibm.ws.runtime.update.internal.RuntimeUpdateManagerImpl  I CWWKE1101I: Server quiesce complete.
[11/21/19, 17:05:36:428 EST] 00000026 com.ibm.ws.app.manager.AppMessageHelper                      A CWWKZ0009I: The application SurveyMeWebApp has stopped successfully.
[11/21/19, 17:05:36:559 EST] 00000001 com.ibm.ws.kernel.launch.internal.FrameworkManager           A CWWKE0036I: The server SurveyMeWebAppServer stopped after 3 minutes, 22.645 seconds.
